        -:    0:Source:dominion.c
        -:    0:Graph:dominion.gcno
        -:    0:Data:dominion.gcda
        -:    0:Runs:22
        -:    0:Programs:19
        -:    1:#include "dominion.h"
        -:    2:#include "dominion_helpers.h"
        -:    3:#include "rngs.h"
        -:    4:#include <stdio.h>
        -:    5:#include <math.h>
        -:    6:#include <stdlib.h>
        -:    7:
function compare called 3390 returned 100% blocks executed 83%
     3390:    8:int compare(const void* a, const void* b) {
     3390:    9:  if (*(int*)a > *(int*)b)
branch  0 taken 0% (fallthrough)
branch  1 taken 100%
    #####:   10:    return 1;
     3390:   11:  if (*(int*)a < *(int*)b)
branch  0 taken 27% (fallthrough)
branch  1 taken 73%
      904:   12:    return -1;
     2486:   13:  return 0;
        -:   14:}
        -:   15:
function newGame called 0 returned 0% blocks executed 0%
    #####:   16:struct gameState* newGame() {
    #####:   17:  struct gameState* g = malloc(sizeof(struct gameState));
    #####:   18:  return g;
        -:   19:}
        -:   20:
function kingdomCards called 0 returned 0% blocks executed 0%
    #####:   21:int* kingdomCards(int k1, int k2, int k3, int k4, int k5, int k6, int k7,
        -:   22:		  int k8, int k9, int k10) {
    #####:   23:  int* k = malloc(10 * sizeof(int));
    #####:   24:  k[0] = k1;
    #####:   25:  k[1] = k2;
    #####:   26:  k[2] = k3;
    #####:   27:  k[3] = k4;
    #####:   28:  k[4] = k5;
    #####:   29:  k[5] = k6;
    #####:   30:  k[6] = k7;
    #####:   31:  k[7] = k8;
    #####:   32:  k[8] = k9;
    #####:   33:  k[9] = k10;
    #####:   34:  return k;
        -:   35:}
        -:   36:
function initializeGame called 101 returned 100% blocks executed 88%
      101:   37:int initializeGame(int numPlayers, int kingdomCards[10], int randomSeed,
        -:   38:		   struct gameState *state) {
        -:   39:
        -:   40:  int i;
        -:   41:  int j;
        -:   42:  int it;			
        -:   43:  //set up random number generator
      101:   44:  SelectStream(1);
call    0 returned 100%
      101:   45:  PutSeed((long)randomSeed);
call    0 returned 100%
        -:   46:  
        -:   47:  //check number of players
      101:   48:  if (numPlayers > MAX_PLAYERS || numPlayers < 2)
branch  0 taken 100% (fallthrough)
branch  1 taken 0%
branch  2 taken 0% (fallthrough)
branch  3 taken 100%
        -:   49:    {
    #####:   50:      return -1;
        -:   51:    }
        -:   52:
        -:   53:  //set number of players
      101:   54:  state->numPlayers = numPlayers;
        -:   55:
        -:   56:  //check selected kingdom cards are different
     1111:   57:  for (i = 0; i < 10; i++)
branch  0 taken 91%
branch  1 taken 9% (fallthrough)
        -:   58:    {
    11110:   59:      for (j = 0; j < 10; j++)
branch  0 taken 91%
branch  1 taken 9% (fallthrough)
        -:   60:        {
    10100:   61:	  if (j != i && kingdomCards[j] == kingdomCards[i])
branch  0 taken 90% (fallthrough)
branch  1 taken 10%
branch  2 taken 0% (fallthrough)
branch  3 taken 100%
        -:   62:	    {
    #####:   63:	      return -1;
        -:   64:	    }
        -:   65:        }
        -:   66:    }
        -:   67:
        -:   68:
        -:   69:  //initialize supply
        -:   70:  ///////////////////////////////
        -:   71:
        -:   72:  //set number of Curse cards
      101:   73:  if (numPlayers == 2)
branch  0 taken 88% (fallthrough)
branch  1 taken 12%
        -:   74:    {
       89:   75:      state->supplyCount[curse] = 10;
        -:   76:    }
       12:   77:  else if (numPlayers == 3)
branch  0 taken 0% (fallthrough)
branch  1 taken 100%
        -:   78:    {
    #####:   79:      state->supplyCount[curse] = 20;
        -:   80:    }
        -:   81:  else
        -:   82:    {
       12:   83:      state->supplyCount[curse] = 30;
        -:   84:    }
        -:   85:
        -:   86:  //set number of Victory cards
      101:   87:  if (numPlayers == 2)
branch  0 taken 88% (fallthrough)
branch  1 taken 12%
        -:   88:    {
       89:   89:      state->supplyCount[estate] = 8;
       89:   90:      state->supplyCount[duchy] = 8;
       89:   91:      state->supplyCount[province] = 8;
        -:   92:    }
        -:   93:  else
        -:   94:    {
       12:   95:      state->supplyCount[estate] = 12;
       12:   96:      state->supplyCount[duchy] = 12;
       12:   97:      state->supplyCount[province] = 12;
        -:   98:    }
        -:   99:
        -:  100:  //set number of Treasure cards
      101:  101:  state->supplyCount[copper] = 60 - (7 * numPlayers);
      101:  102:  state->supplyCount[silver] = 40;
      101:  103:  state->supplyCount[gold] = 30;
        -:  104:
        -:  105:  //set number of Kingdom cards
     2121:  106:  for (i = adventurer; i <= treasure_map; i++)       	//loop all cards
branch  0 taken 95%
branch  1 taken 5% (fallthrough)
        -:  107:    {
    16665:  108:      for (j = 0; j < 10; j++)           		//loop chosen cards
branch  0 taken 94%
branch  1 taken 6% (fallthrough)
        -:  109:	{
    15655:  110:	  if (kingdomCards[j] == i)
branch  0 taken 6% (fallthrough)
branch  1 taken 94%
        -:  111:	    {
        -:  112:	      //check if card is a 'Victory' Kingdom card
     1010:  113:	      if (kingdomCards[j] == great_hall || kingdomCards[j] == gardens)
branch  0 taken 100% (fallthrough)
branch  1 taken 0%
branch  2 taken 0% (fallthrough)
branch  3 taken 100%
        -:  114:		{
    #####:  115:		  if (numPlayers == 2){ 
branch  0 never executed
branch  1 never executed
    #####:  116:		    state->supplyCount[i] = 8; 
        -:  117:		  }
    #####:  118:		  else{ state->supplyCount[i] = 12; }
        -:  119:		}
        -:  120:	      else
        -:  121:		{
     1010:  122:		  state->supplyCount[i] = 10;
        -:  123:		}
     1010:  124:	      break;
        -:  125:	    }
        -:  126:	  else    //card is not in the set choosen for the game
        -:  127:	    {
    14645:  128:	      state->supplyCount[i] = -1;
        -:  129:	    }
        -:  130:	}
        -:  131:
        -:  132:    }
        -:  133:
        -:  134:  ////////////////////////
        -:  135:  //supply intilization complete
        -:  136:
        -:  137:  //set player decks
      327:  138:  for (i = 0; i < numPlayers; i++)
branch  0 taken 69%
branch  1 taken 31% (fallthrough)
        -:  139:    {
      226:  140:      state->deckCount[i] = 0;
      904:  141:      for (j = 0; j < 3; j++)
branch  0 taken 75%
branch  1 taken 25% (fallthrough)
        -:  142:	{
      678:  143:	  state->deck[i][j] = estate;
      678:  144:	  state->deckCount[i]++;
        -:  145:	}
     1808:  146:      for (j = 3; j < 10; j++)
branch  0 taken 88%
branch  1 taken 13% (fallthrough)
        -:  147:	{
     1582:  148:	  state->deck[i][j] = copper;
     1582:  149:	  state->deckCount[i]++;		
        -:  150:	}
        -:  151:    }
        -:  152:
        -:  153:  //shuffle player decks
      327:  154:  for (i = 0; i < numPlayers; i++)
branch  0 taken 69%
branch  1 taken 31% (fallthrough)
        -:  155:    {
      226:  156:      if ( shuffle(i, state) < 0 )
call    0 returned 100%
branch  1 taken 0% (fallthrough)
branch  2 taken 100%
        -:  157:	{
    #####:  158:	  return -1;
        -:  159:	}
        -:  160:    }
        -:  161:
        -:  162:  //draw player hands
      327:  163:  for (i = 0; i < numPlayers; i++)
branch  0 taken 69%
branch  1 taken 31% (fallthrough)
        -:  164:    {  
        -:  165:      //initialize hand size to zero
      226:  166:      state->handCount[i] = 0;
      226:  167:      state->discardCount[i] = 0;
        -:  168:      //draw 5 cards
        -:  169:      // for (j = 0; j < 5; j++)
        -:  170:      //	{
        -:  171:      //	  drawCard(i, state);
        -:  172:      //	}
        -:  173:    }
        -:  174:  
        -:  175:  //set embargo tokens to 0 for all supply piles
     2828:  176:  for (i = 0; i <= treasure_map; i++)
branch  0 taken 96%
branch  1 taken 4% (fallthrough)
        -:  177:    {
     2727:  178:      state->embargoTokens[i] = 0;
        -:  179:    }
        -:  180:
        -:  181:  //initialize first player's turn
      101:  182:  state->outpostPlayed = 0;
      101:  183:  state->phase = 0;
      101:  184:  state->numActions = 1;
      101:  185:  state->numBuys = 1;
      101:  186:  state->playedCardCount = 0;
      101:  187:  state->whoseTurn = 0;
      101:  188:  state->handCount[state->whoseTurn] = 0;
        -:  189:  //int it; move to top
        -:  190:
        -:  191:  //Moved draw cards to here, only drawing at the start of a turn
      606:  192:  for (it = 0; it < 5; it++){
branch  0 taken 83%
branch  1 taken 17% (fallthrough)
      505:  193:    drawCard(state->whoseTurn, state);
call    0 returned 100%
        -:  194:  }
        -:  195:
      101:  196:  updateCoins(state->whoseTurn, state, 0);
call    0 returned 100%
        -:  197:
      101:  198:  return 0;
        -:  199:}
        -:  200:
function shuffle called 226 returned 100% blocks executed 94%
      226:  201:int shuffle(int player, struct gameState *state) {
        -:  202: 
        -:  203:
        -:  204:  int newDeck[MAX_DECK];
      226:  205:  int newDeckPos = 0;
        -:  206:  int card;
        -:  207:  int i;
        -:  208:
      226:  209:  if (state->deckCount[player] < 1)
branch  0 taken 0% (fallthrough)
branch  1 taken 100%
    #####:  210:    return -1;
      226:  211:  qsort ((void*)(state->deck[player]), state->deckCount[player], sizeof(int), compare); 
call    0 returned 100%
        -:  212:  /* SORT CARDS IN DECK TO ENSURE DETERMINISM! */
        -:  213:
     2712:  214:  while (state->deckCount[player] > 0) {
branch  0 taken 91%
branch  1 taken 9% (fallthrough)
     2260:  215:    card = floor(Random() * state->deckCount[player]);
call    0 returned 100%
     2260:  216:    newDeck[newDeckPos] = state->deck[player][card];
     2260:  217:    newDeckPos++;
     7898:  218:    for (i = card; i < state->deckCount[player]-1; i++) {
branch  0 taken 71%
branch  1 taken 29% (fallthrough)
     5638:  219:      state->deck[player][i] = state->deck[player][i+1];
        -:  220:    }
     2260:  221:    state->deckCount[player]--;
        -:  222:  }
     2486:  223:  for (i = 0; i < newDeckPos; i++) {
branch  0 taken 91%
branch  1 taken 9% (fallthrough)
     2260:  224:    state->deck[player][i] = newDeck[i];
     2260:  225:    state->deckCount[player]++;
        -:  226:  }
        -:  227:
      226:  228:  return 0;
        -:  229:}
        -:  230:
function playCard called 0 returned 0% blocks executed 0%
    #####:  231:int playCard(int handPos, int choice1, int choice2, int choice3, struct gameState *state) 
        -:  232:{	
        -:  233:  int card;
    #####:  234:  int coin_bonus = 0; 		//tracks coins gain from actions
        -:  235:
        -:  236:  //check if it is the right phase
    #####:  237:  if (state->phase != 0)
branch  0 never executed
branch  1 never executed
        -:  238:    {
    #####:  239:      return -1;
        -:  240:    }
        -:  241:	
        -:  242:  //check if player has enough actions
    #####:  243:  if ( state->numActions < 1 )
branch  0 never executed
branch  1 never executed
        -:  244:    {
    #####:  245:      return -1;
        -:  246:    }
        -:  247:	
        -:  248:  //get card played
    #####:  249:  card = handCard(handPos, state);
call    0 never executed
        -:  250:	
        -:  251:  //check if selected card is an action
    #####:  252:  if ( card < adventurer || card > treasure_map )
branch  0 never executed
branch  1 never executed
branch  2 never executed
branch  3 never executed
        -:  253:    {
    #####:  254:      return -1;
        -:  255:    }
        -:  256:	
        -:  257:  //play card
    #####:  258:  if ( cardEffect(card, choice1, choice2, choice3, state, handPos, &coin_bonus) < 0 )
call    0 never executed
branch  1 never executed
branch  2 never executed
        -:  259:    {
    #####:  260:      return -1;
        -:  261:    }
        -:  262:	
        -:  263:  //reduce number of actions
    #####:  264:  state->numActions--;
        -:  265:
        -:  266:  //update coins (Treasure cards may be added with card draws)
    #####:  267:  updateCoins(state->whoseTurn, state, coin_bonus);
call    0 never executed
        -:  268:	
    #####:  269:  return 0;
        -:  270:}
        -:  271:
function buyCard called 0 returned 0% blocks executed 0%
    #####:  272:int buyCard(int supplyPos, struct gameState *state) {
        -:  273:  int who;
        -:  274:  if (DEBUG){
        -:  275:    printf("Entering buyCard...\n");
        -:  276:  }
        -:  277:
        -:  278:  // I don't know what to do about the phase thing.
        -:  279:
    #####:  280:  who = state->whoseTurn;
        -:  281:
    #####:  282:  if (state->numBuys < 1){
branch  0 never executed
branch  1 never executed
        -:  283:    if (DEBUG)
        -:  284:      printf("You do not have any buys left\n");
    #####:  285:    return -1;
    #####:  286:  } else if (supplyCount(supplyPos, state) <1){
call    0 never executed
branch  1 never executed
branch  2 never executed
        -:  287:    if (DEBUG)
        -:  288:      printf("There are not any of that type of card left\n");
    #####:  289:    return -1;
    #####:  290:  } else if (state->coins < getCost(supplyPos)){
call    0 never executed
branch  1 never executed
branch  2 never executed
        -:  291:    if (DEBUG) 
        -:  292:      printf("You do not have enough money to buy that. You have %d coins.\n", state->coins);
    #####:  293:    return -1;
        -:  294:  } else {
    #####:  295:    state->phase=1;
        -:  296:    //state->supplyCount[supplyPos]--;
    #####:  297:    gainCard(supplyPos, state, 0, who); //card goes in discard, this might be wrong.. (2 means goes into hand, 0 goes into discard)
call    0 never executed
        -:  298:  
    #####:  299:    state->coins = (state->coins) - (getCost(supplyPos));
call    0 never executed
    #####:  300:    state->numBuys--;
        -:  301:    if (DEBUG)
        -:  302:      printf("You bought card number %d for %d coins. You now have %d buys and %d coins.\n", supplyPos, getCost(supplyPos), state->numBuys, state->coins);
        -:  303:  }
        -:  304:
        -:  305:  //state->discard[who][state->discardCount[who]] = supplyPos;
        -:  306:  //state->discardCount[who]++;
        -:  307:    
    #####:  308:  return 0;
        -:  309:}
        -:  310:
function numHandCards called 0 returned 0% blocks executed 0%
    #####:  311:int numHandCards(struct gameState *state) {
    #####:  312:  return state->handCount[ whoseTurn(state) ];
call    0 never executed
        -:  313:}
        -:  314:
function handCard called 0 returned 0% blocks executed 0%
    #####:  315:int handCard(int handPos, struct gameState *state) {
    #####:  316:  int currentPlayer = whoseTurn(state);
call    0 never executed
    #####:  317:  return state->hand[currentPlayer][handPos];
        -:  318:}
        -:  319:
function supplyCount called 0 returned 0% blocks executed 0%
    #####:  320:int supplyCount(int card, struct gameState *state) {
    #####:  321:  return state->supplyCount[card];
        -:  322:}
        -:  323:
function fullDeckCount called 0 returned 0% blocks executed 0%
    #####:  324:int fullDeckCount(int player, int card, struct gameState *state) {
        -:  325:  int i;
    #####:  326:  int count = 0;
        -:  327:
    #####:  328:  for (i = 0; i < state->deckCount[player]; i++)
branch  0 never executed
branch  1 never executed
        -:  329:    {
    #####:  330:      if (state->deck[player][i] == card) count++;
branch  0 never executed
branch  1 never executed
        -:  331:    }
        -:  332:
    #####:  333:  for (i = 0; i < state->handCount[player]; i++)
branch  0 never executed
branch  1 never executed
        -:  334:    {
    #####:  335:      if (state->hand[player][i] == card) count++;
branch  0 never executed
branch  1 never executed
        -:  336:    }
        -:  337:
    #####:  338:  for (i = 0; i < state->discardCount[player]; i++)
branch  0 never executed
branch  1 never executed
        -:  339:    {
    #####:  340:      if (state->discard[player][i] == card) count++;
branch  0 never executed
branch  1 never executed
        -:  341:    }
        -:  342:
    #####:  343:  return count;
        -:  344:}
        -:  345:
function whoseTurn called 91 returned 100% blocks executed 100%
       91:  346:int whoseTurn(struct gameState *state) {
       91:  347:  return state->whoseTurn;
        -:  348:}
        -:  349:
function endTurn called 0 returned 0% blocks executed 0%
    #####:  350:int endTurn(struct gameState *state) {
        -:  351:  int k;
        -:  352:  int i;
    #####:  353:  int currentPlayer = whoseTurn(state);
call    0 never executed
        -:  354:  
        -:  355:  //Discard hand
    #####:  356:  for (i = 0; i < state->handCount[currentPlayer]; i++){
branch  0 never executed
branch  1 never executed
    #####:  357:    state->discard[currentPlayer][state->discardCount[currentPlayer]++] = state->hand[currentPlayer][i];//Discard
    #####:  358:    state->hand[currentPlayer][i] = -1;//Set card to -1
        -:  359:  }
    #####:  360:  state->handCount[currentPlayer] = 0;//Reset hand count
        -:  361:    
        -:  362:  //Code for determining the player
    #####:  363:  if (currentPlayer < (state->numPlayers - 1)){ 
branch  0 never executed
branch  1 never executed
    #####:  364:    state->whoseTurn = currentPlayer + 1;//Still safe to increment
        -:  365:  }
        -:  366:  else{
    #####:  367:    state->whoseTurn = 0;//Max player has been reached, loop back around to player 1
        -:  368:  }
        -:  369:
    #####:  370:  state->outpostPlayed = 0;
    #####:  371:  state->phase = 0;
    #####:  372:  state->numActions = 1;
    #####:  373:  state->coins = 0;
    #####:  374:  state->numBuys = 1;
    #####:  375:  state->playedCardCount = 0;
    #####:  376:  state->handCount[state->whoseTurn] = 0;
        -:  377:
        -:  378:  //int k; move to top
        -:  379:  //Next player draws hand
    #####:  380:  for (k = 0; k < 5; k++){
branch  0 never executed
branch  1 never executed
    #####:  381:    drawCard(state->whoseTurn, state);//Draw a card
call    0 never executed
        -:  382:  }
        -:  383:
        -:  384:  //Update money
    #####:  385:  updateCoins(state->whoseTurn, state , 0);
call    0 never executed
        -:  386:
    #####:  387:  return 0;
        -:  388:}
        -:  389:
function isGameOver called 0 returned 0% blocks executed 0%
    #####:  390:int isGameOver(struct gameState *state) {
        -:  391:  int i;
        -:  392:  int j;
        -:  393:	
        -:  394:  //if stack of Province cards is empty, the game ends
    #####:  395:  if (state->supplyCount[province] == 0)
branch  0 never executed
branch  1 never executed
        -:  396:    {
    #####:  397:      return 1;
        -:  398:    }
        -:  399:
        -:  400:  //if three supply pile are at 0, the game ends
    #####:  401:  j = 0;
    #####:  402:  for (i = 0; i < 25; i++)
branch  0 never executed
branch  1 never executed
        -:  403:    {
    #####:  404:      if (state->supplyCount[i] == 0)
branch  0 never executed
branch  1 never executed
        -:  405:	{
    #####:  406:	  j++;
        -:  407:	}
        -:  408:    }
    #####:  409:  if ( j >= 3)
branch  0 never executed
branch  1 never executed
        -:  410:    {
    #####:  411:      return 1;
        -:  412:    }
        -:  413:
    #####:  414:  return 0;
        -:  415:}
        -:  416:
function scoreFor called 0 returned 0% blocks executed 0%
    #####:  417:int scoreFor (int player, struct gameState *state) {
        -:  418:
        -:  419:  int i;
    #####:  420:  int score = 0;
        -:  421:  //score from hand
    #####:  422:  for (i = 0; i < state->handCount[player]; i++)
branch  0 never executed
branch  1 never executed
        -:  423:    {
    #####:  424:      if (state->hand[player][i] == curse) { score = score - 1; };
branch  0 never executed
branch  1 never executed
    #####:  425:      if (state->hand[player][i] == estate) { score = score + 1; };
branch  0 never executed
branch  1 never executed
    #####:  426:      if (state->hand[player][i] == duchy) { score = score + 3; };
branch  0 never executed
branch  1 never executed
    #####:  427:      if (state->hand[player][i] == province) { score = score + 6; };
branch  0 never executed
branch  1 never executed
    #####:  428:      if (state->hand[player][i] == great_hall) { score = score + 1; };
branch  0 never executed
branch  1 never executed
    #####:  429:      if (state->hand[player][i] == gardens) { score = score + ( fullDeckCount(player, 0, state) / 10 ); };
branch  0 never executed
branch  1 never executed
call    2 never executed
        -:  430:    }
        -:  431:
        -:  432:  //score from discard
    #####:  433:  for (i = 0; i < state->discardCount[player]; i++)
branch  0 never executed
branch  1 never executed
        -:  434:    {
    #####:  435:      if (state->discard[player][i] == curse) { score = score - 1; };
branch  0 never executed
branch  1 never executed
    #####:  436:      if (state->discard[player][i] == estate) { score = score + 1; };
branch  0 never executed
branch  1 never executed
    #####:  437:      if (state->discard[player][i] == duchy) { score = score + 3; };
branch  0 never executed
branch  1 never executed
    #####:  438:      if (state->discard[player][i] == province) { score = score + 6; };
branch  0 never executed
branch  1 never executed
    #####:  439:      if (state->discard[player][i] == great_hall) { score = score + 1; };
branch  0 never executed
branch  1 never executed
    #####:  440:      if (state->discard[player][i] == gardens) { score = score + ( fullDeckCount(player, 0, state) / 10 ); };
branch  0 never executed
branch  1 never executed
call    2 never executed
        -:  441:    }
        -:  442:
        -:  443:  //score from deck
    #####:  444:  for (i = 0; i < state->discardCount[player]; i++)
branch  0 never executed
branch  1 never executed
        -:  445:    {
    #####:  446:      if (state->deck[player][i] == curse) { score = score - 1; };
branch  0 never executed
branch  1 never executed
    #####:  447:      if (state->deck[player][i] == estate) { score = score + 1; };
branch  0 never executed
branch  1 never executed
    #####:  448:      if (state->deck[player][i] == duchy) { score = score + 3; };
branch  0 never executed
branch  1 never executed
    #####:  449:      if (state->deck[player][i] == province) { score = score + 6; };
branch  0 never executed
branch  1 never executed
    #####:  450:      if (state->deck[player][i] == great_hall) { score = score + 1; };
branch  0 never executed
branch  1 never executed
    #####:  451:      if (state->deck[player][i] == gardens) { score = score + ( fullDeckCount(player, 0, state) / 10 ); };
branch  0 never executed
branch  1 never executed
call    2 never executed
        -:  452:    }
        -:  453:
    #####:  454:  return score;
        -:  455:}
        -:  456:
function getWinners called 0 returned 0% blocks executed 0%
    #####:  457:int getWinners(int players[MAX_PLAYERS], struct gameState *state) {
        -:  458:  int i;	
        -:  459:  int j;
        -:  460:  int highScore;
        -:  461:  int currentPlayer;
        -:  462:
        -:  463:  //get score for each player
    #####:  464:  for (i = 0; i < MAX_PLAYERS; i++)
branch  0 never executed
branch  1 never executed
        -:  465:    {
        -:  466:      //set unused player scores to -9999
    #####:  467:      if (i >= state->numPlayers)
branch  0 never executed
branch  1 never executed
        -:  468:	{
    #####:  469:	  players[i] = -9999;
        -:  470:	}
        -:  471:      else
        -:  472:	{
    #####:  473:	  players[i] = scoreFor (i, state);
call    0 never executed
        -:  474:	}
        -:  475:    }
        -:  476:
        -:  477:  //find highest score
    #####:  478:  j = 0;
    #####:  479:  for (i = 0; i < MAX_PLAYERS; i++)
branch  0 never executed
branch  1 never executed
        -:  480:    {
    #####:  481:      if (players[i] > players[j])
branch  0 never executed
branch  1 never executed
        -:  482:	{
    #####:  483:	  j = i;
        -:  484:	}
        -:  485:    }
    #####:  486:  highScore = players[j];
        -:  487:
        -:  488:  //add 1 to players who had less turns
    #####:  489:  currentPlayer = whoseTurn(state);
call    0 never executed
    #####:  490:  for (i = 0; i < MAX_PLAYERS; i++)
branch  0 never executed
branch  1 never executed
        -:  491:    {
    #####:  492:      if ( players[i] == highScore && i > currentPlayer )
branch  0 never executed
branch  1 never executed
branch  2 never executed
branch  3 never executed
        -:  493:	{
    #####:  494:	  players[i]++;
        -:  495:	}
        -:  496:    }
        -:  497:
        -:  498:  //find new highest score
    #####:  499:  j = 0;
    #####:  500:  for (i = 0; i < MAX_PLAYERS; i++)
branch  0 never executed
branch  1 never executed
        -:  501:    {
    #####:  502:      if ( players[i] > players[j] )
branch  0 never executed
branch  1 never executed
        -:  503:	{
    #####:  504:	  j = i;
        -:  505:	}
        -:  506:    }
    #####:  507:  highScore = players[j];
        -:  508:
        -:  509:  //set winners in array to 1 and rest to 0
    #####:  510:  for (i = 0; i < MAX_PLAYERS; i++)
branch  0 never executed
branch  1 never executed
        -:  511:    {
    #####:  512:      if ( players[i] == highScore )
branch  0 never executed
branch  1 never executed
        -:  513:	{
    #####:  514:	  players[i] = 1;
        -:  515:	}
        -:  516:      else
        -:  517:	{
    #####:  518:	  players[i] = 0;
        -:  519:	}
        -:  520:    }
        -:  521:
    #####:  522:  return 0;
        -:  523:}
        -:  524:
function drawCard called 984 returned 100% blocks executed 38%
      984:  525:int drawCard(int player, struct gameState *state)
        -:  526:{	int count;
        -:  527:  int deckCounter;
      984:  528:  if (state->deckCount[player] <= 0){//Deck is empty
branch  0 taken 0% (fallthrough)
branch  1 taken 100%
        -:  529:    
        -:  530:    //Step 1 Shuffle the discard pile back into a deck
        -:  531:    int i;
        -:  532:    //Move discard to deck
    #####:  533:    for (i = 0; i < state->discardCount[player];i++){
branch  0 never executed
branch  1 never executed
    #####:  534:      state->deck[player][i] = state->discard[player][i];
    #####:  535:      state->discard[player][i] = -1;
        -:  536:    }
        -:  537:
    #####:  538:    state->deckCount[player] = state->discardCount[player];
    #####:  539:    state->discardCount[player] = 0;//Reset discard
        -:  540:
        -:  541:    //Shufffle the deck
    #####:  542:    shuffle(player, state);//Shuffle the deck up and make it so that we can draw
call    0 never executed
        -:  543:   
        -:  544:    if (DEBUG){//Debug statements
        -:  545:      printf("Deck count now: %d\n", state->deckCount[player]);
        -:  546:    }
        -:  547:    
    #####:  548:    state->discardCount[player] = 0;
        -:  549:
        -:  550:    //Step 2 Draw Card
    #####:  551:    count = state->handCount[player];//Get current player's hand count
        -:  552:    
        -:  553:    if (DEBUG){//Debug statements
        -:  554:      printf("Current hand count: %d\n", count);
        -:  555:    }
        -:  556:    
    #####:  557:    deckCounter = state->deckCount[player];//Create a holder for the deck count
        -:  558:
    #####:  559:    if (deckCounter == 0)
branch  0 never executed
branch  1 never executed
    #####:  560:      return -1;
        -:  561:
    #####:  562:    state->hand[player][count] = state->deck[player][deckCounter - 1];//Add card to hand
    #####:  563:    state->deckCount[player]--;
    #####:  564:    state->handCount[player]++;//Increment hand count
        -:  565:  }
        -:  566:
        -:  567:  else{
      984:  568:    int count = state->handCount[player];//Get current hand count for player
        -:  569:    int deckCounter;
        -:  570:    if (DEBUG){//Debug statements
        -:  571:      printf("Current hand count: %d\n", count);
        -:  572:    }
        -:  573:
      984:  574:    deckCounter = state->deckCount[player];//Create holder for the deck count
      984:  575:    state->hand[player][count] = state->deck[player][deckCounter - 1];//Add card to the hand
      984:  576:    state->deckCount[player]--;
      984:  577:    state->handCount[player]++;//Increment hand count
        -:  578:  }
        -:  579:
      984:  580:  return 0;
        -:  581:}
        -:  582:
function getCost called 0 returned 0% blocks executed 0%
    #####:  583:int getCost(int cardNumber)
        -:  584:{
    #####:  585:  switch( cardNumber ) 
branch  0 never executed
branch  1 never executed
branch  2 never executed
branch  3 never executed
branch  4 never executed
branch  5 never executed
branch  6 never executed
branch  7 never executed
branch  8 never executed
branch  9 never executed
branch 10 never executed
branch 11 never executed
branch 12 never executed
branch 13 never executed
branch 14 never executed
branch 15 never executed
branch 16 never executed
branch 17 never executed
branch 18 never executed
branch 19 never executed
branch 20 never executed
branch 21 never executed
branch 22 never executed
branch 23 never executed
branch 24 never executed
branch 25 never executed
branch 26 never executed
branch 27 never executed
        -:  586:    {
        -:  587:    case curse:
    #####:  588:      return 0;
        -:  589:    case estate:
    #####:  590:      return 2;
        -:  591:    case duchy:
    #####:  592:      return 5;
        -:  593:    case province:
    #####:  594:      return 8;
        -:  595:    case copper:
    #####:  596:      return 0;
        -:  597:    case silver:
    #####:  598:      return 3;
        -:  599:    case gold:
    #####:  600:      return 6;
        -:  601:    case adventurer:
    #####:  602:      return 6;
        -:  603:    case council_room:
    #####:  604:      return 5;
        -:  605:    case feast:
    #####:  606:      return 4;
        -:  607:    case gardens:
    #####:  608:      return 4;
        -:  609:    case mine:
    #####:  610:      return 5;
        -:  611:    case remodel:
    #####:  612:      return 4;
        -:  613:    case smithy:
    #####:  614:      return 4;
        -:  615:    case village:
    #####:  616:      return 3;
        -:  617:    case baron:
    #####:  618:      return 4;
        -:  619:    case great_hall:
    #####:  620:      return 3;
        -:  621:    case minion:
    #####:  622:      return 5;
        -:  623:    case steward:
    #####:  624:      return 3;
        -:  625:    case tribute:
    #####:  626:      return 5;
        -:  627:    case ambassador:
    #####:  628:      return 3;
        -:  629:    case cutpurse:
    #####:  630:      return 4;
        -:  631:    case embargo: 
    #####:  632:      return 2;
        -:  633:    case outpost:
    #####:  634:      return 5;
        -:  635:    case salvager:
    #####:  636:      return 4;
        -:  637:    case sea_hag:
    #####:  638:      return 4;
        -:  639:    case treasure_map:
    #####:  640:      return 4;
        -:  641:    }
        -:  642:	
    #####:  643:  return -1;
        -:  644:}
        -:  645:
        -:  646:
        -:  647:// Play adventurer
function play_Adventurer called 0 returned 0% blocks executed 0%
    #####:  648:void play_Adventurer(struct gameState *state, int currentPlayer){
        -:  649:  int cardDrawn;
    #####:  650:  int drawntreasure=0;
    #####:  651:  int z = 0;// this is the counter for the temp hand
        -:  652:  int temphand[MAX_HAND];
        -:  653:    
    #####:  654:  while(drawntreasure<2){
branch  0 never executed
branch  1 never executed
    #####:  655:    if (state->deckCount[currentPlayer] <1){//if the deck is empty we need to shuffle discard and add to deck
branch  0 never executed
branch  1 never executed
    #####:  656:      shuffle(currentPlayer, state);
call    0 never executed
        -:  657:    }
    #####:  658:    drawCard(currentPlayer, state);
call    0 never executed
    #####:  659:    cardDrawn = state->hand[currentPlayer][state->handCount[currentPlayer]-1];//top card of hand is most recently drawn card.
    #####:  660:    if (cardDrawn == copper || cardDrawn == silver || cardDrawn == gold)
branch  0 never executed
branch  1 never executed
branch  2 never executed
branch  3 never executed
branch  4 never executed
branch  5 never executed
    #####:  661:      drawntreasure+= drawntreasure;
        -:  662:    else{
    #####:  663:      temphand[z]=cardDrawn;
    #####:  664:      state->handCount[currentPlayer]--; //this should just remove the top card (the most recently drawn one).
    #####:  665:      z++;
        -:  666:    }
        -:  667:  }
    #####:  668:  while(z-1>=0){
branch  0 never executed
branch  1 never executed
    #####:  669:    state->discard[currentPlayer][state->discardCount[currentPlayer]++]=temphand[z-1]; // discard all cards in play that have been drawn
    #####:  670:    z=z-1;
        -:  671:  }
    #####:  672:}
        -:  673:
        -:  674:// Play council room
function play_Council_room called 91 returned 100% blocks executed 100%
       91:  675:void play_Council_room(struct gameState *state, int currentPlayer, int handPos){
        -:  676:  int i;
        -:  677:  //+4 Cards
      455:  678:  for (i = 0; i < 4; i++)
branch  0 taken 80%
branch  1 taken 20% (fallthrough)
        -:  679:  {
      364:  680:    drawCard(currentPlayer, state);
call    0 returned 100%
        -:  681:  }
        -:  682:			
        -:  683:  //+1 Buy
       91:  684:  state->numBuys++;
        -:  685:			
        -:  686:  //Each other player draws a card
      297:  687:  for (i = 0; i < state->numPlayers; i++)
branch  0 taken 69%
branch  1 taken 31% (fallthrough)
        -:  688:  {
      206:  689:    if ( i != currentPlayer )
branch  0 taken 56% (fallthrough)
branch  1 taken 44%
        -:  690:    {
      115:  691:      drawCard(i, state);
call    0 returned 100%
        -:  692:    }
        -:  693:  }
        -:  694:			
        -:  695:  //put played card in played card pile
        -:  696:  //discardCard(handPos, currentPlayer, state, 1);
       91:  697:  discardCard(handPos, currentPlayer, state, 0);
call    0 returned 100%
        -:  698:			
       91:  699:}
        -:  700:
        -:  701:// play feast
function play_Feast called 0 returned 0% blocks executed 0%
    #####:  702:void play_Feast(struct gameState *state, int currentPlayer, int choice1 ){
        -:  703:  int i;
        -:  704:  
        -:  705:  int temphand[MAX_HAND];
        -:  706:  //gain card with cost up to 5
        -:  707:  //Backup hand
    #####:  708:  for (i = 0; i <= state->handCount[currentPlayer]; i++){
branch  0 never executed
branch  1 never executed
    #####:  709:    temphand[i] = state->hand[currentPlayer][i];//Backup card
    #####:  710:    state->hand[currentPlayer][i] = -1;//Set to nothing
        -:  711:  }
        -:  712:  //Backup hand
        -:  713:
        -:  714:  //Update Coins for Buy
    #####:  715:  updateCoins(currentPlayer, state, 5);
call    0 never executed
    #####:  716:  i = 0;//Condition to loop on
    #####:  717:  while( i == 1) {//Buy one card
branch  0 never executed
branch  1 never executed
    #####:  718:    if (supplyCount(choice1, state) <= 0){
call    0 never executed
branch  1 never executed
branch  2 never executed
        -:  719:      if (DEBUG)
        -:  720:        printf("None of that card left, sorry!\n");
        -:  721:
        -:  722:      if (DEBUG){
        -:  723:        printf("Cards Left: %d\n", supplyCount(choice1, state));
        -:  724:      }
        -:  725:    }
    #####:  726:    else if (state->coins < getCost(choice1)){
call    0 never executed
branch  1 never executed
branch  2 never executed
    #####:  727:      printf("That card is too expensive!\n");
call    0 never executed
        -:  728:
        -:  729:      if (DEBUG){
        -:  730:        printf("Coins: %d < %d\n", state->coins, getCost(choice1));
        -:  731:      }
        -:  732:    }
        -:  733:    else{
        -:  734:
        -:  735:      if (DEBUG){
        -:  736:        printf("Deck Count: %d\n", state->handCount[currentPlayer] + state->deckCount[currentPlayer] + state->discardCount[currentPlayer]);
        -:  737:      }
        -:  738:
    #####:  739:      gainCard(choice1, state, 0, currentPlayer);//Gain the card
call    0 never executed
    #####:  740:      i = 0;//No more buying cards
        -:  741:
        -:  742:      if (DEBUG){
        -:  743:        printf("Deck Count: %d\n", state->handCount[currentPlayer] + state->deckCount[currentPlayer] + state->discardCount[currentPlayer]);
        -:  744:      }
        -:  745:
        -:  746:    }
        -:  747:  }     
        -:  748:
        -:  749:  //Reset Hand
    #####:  750:  for (i = 0; i <= state->handCount[currentPlayer]; i++){
branch  0 never executed
branch  1 never executed
    #####:  751:    state->hand[currentPlayer][i] = temphand[i];
    #####:  752:    temphand[i] = -1;
        -:  753:  }
        -:  754:  //Reset Hand
        -:  755:  
    #####:  756:}
        -:  757:
        -:  758:// Play mine
function play_Mine called 0 returned 0% blocks executed 0%
    #####:  759:int play_Mine(struct gameState *state, int currentPlayer, int handPos, int choice1, int choice2){
        -:  760:  int i,j;
    #####:  761:  j = state->hand[currentPlayer][choice1];  //store card we will trash
        -:  762:
    #####:  763:  if (state->hand[currentPlayer][choice1] < copper || state->hand[currentPlayer][choice1] > gold)
branch  0 never executed
branch  1 never executed
branch  2 never executed
branch  3 never executed
        -:  764:    {
    #####:  765:      return -1;
        -:  766:    }
        -:  767:		
    #####:  768:    if (choice2 > treasure_map || choice2 < curse)
branch  0 never executed
branch  1 never executed
branch  2 never executed
branch  3 never executed
        -:  769:    {
    #####:  770:      return -1;
        -:  771:    }
        -:  772:
    #####:  773:    if ( (getCost(state->hand[currentPlayer][choice1]) + 3) > getCost(choice2) )
call    0 never executed
call    1 never executed
branch  2 never executed
branch  3 never executed
        -:  774:    {
    #####:  775:      return -1;
        -:  776:    }
        -:  777:
    #####:  778:    gainCard(choice2, state, 2, currentPlayer);
call    0 never executed
        -:  779:
        -:  780:    //discard card from hand
    #####:  781:    discardCard(handPos, currentPlayer, state, 0);
call    0 never executed
        -:  782:
        -:  783:    //discard trashed card
    #####:  784:    for (i = 0; i < state->handCount[currentPlayer]; i++)
branch  0 never executed
branch  1 never executed
        -:  785:    {
    #####:  786:      if (state->hand[currentPlayer][i] == j)
branch  0 never executed
branch  1 never executed
        -:  787:      {
    #####:  788:        discardCard(i, currentPlayer, state, 0);			
call    0 never executed
    #####:  789:        break;
        -:  790:      }
        -:  791:    }
    #####:  792:  return 0;
        -:  793:}
        -:  794:
        -:  795:// Play smithy
function play_Smithy called 0 returned 0% blocks executed 0%
    #####:  796:void play_Smithy(struct gameState *state, int currentPlayer, int handPos){
        -:  797:  int i;
        -:  798:  //+3 Cards
    #####:  799:  for (i = 0; i <= 3; i++)
branch  0 never executed
branch  1 never executed
        -:  800:    {
    #####:  801:      drawCard(currentPlayer, state);
call    0 never executed
        -:  802:    }
        -:  803:			
        -:  804:  //discard card from hand
    #####:  805:  discardCard(handPos, currentPlayer, state, 0);
call    0 never executed
    #####:  806:}
        -:  807:    
        -:  808:    
function cardEffect called 91 returned 100% blocks executed 4%
       91:  809:int cardEffect(int card, int choice1, int choice2, int choice3, struct gameState *state, int handPos, int *bonus)
        -:  810:{
        -:  811:  int i;
        -:  812:  int j;
        -:  813:  int k;
        -:  814:  int index;
       91:  815:  int currentPlayer = whoseTurn(state);
call    0 returned 100%
       91:  816:  int nextPlayer = currentPlayer + 1;
       91:  817:  int tributeRevealedCards[2] = {-1, -1};
       91:  818:  if (nextPlayer > (state->numPlayers - 1)){
branch  0 taken 3% (fallthrough)
branch  1 taken 97%
        3:  819:    nextPlayer = 0;
        -:  820:  }
        -:  821:  
        -:  822:  //uses switch to select card and perform actions
       91:  823:  switch( card ) 
branch  0 taken 0%
branch  1 taken 100%
branch  2 taken 0%
branch  3 taken 0%
branch  4 taken 0%
branch  5 taken 0%
branch  6 taken 0%
branch  7 taken 0%
branch  8 taken 0%
branch  9 taken 0%
branch 10 taken 0%
branch 11 taken 0%
branch 12 taken 0%
branch 13 taken 0%
branch 14 taken 0%
branch 15 taken 0%
branch 16 taken 0%
branch 17 taken 0%
branch 18 taken 0%
branch 19 taken 0%
branch 20 taken 0%
        -:  824:    {
        -:  825:    case adventurer:
    #####:  826:      play_Adventurer(state, currentPlayer);
call    0 never executed
    #####:  827:      return 0;
        -:  828:			
        -:  829:    case council_room:
       91:  830:      play_Council_room(state, currentPlayer, handPos);
call    0 returned 100%
       91:  831:      return 0;
        -:  832:			
        -:  833:    case feast:
    #####:  834:      play_Feast(state, currentPlayer, choice1);
call    0 never executed
    #####:  835:      return 0;
        -:  836:			
        -:  837:    case gardens:
    #####:  838:      return -1;
        -:  839:			
        -:  840:    case mine:
    #####:  841:      play_Mine(state, currentPlayer, handPos, choice1, choice2);
call    0 never executed
    #####:  842:      return 0;
        -:  843:			
        -:  844:    case remodel:
    #####:  845:      j = state->hand[currentPlayer][choice1];  //store card we will trash
        -:  846:
    #####:  847:      if ( (getCost(state->hand[currentPlayer][choice1]) + 2) > getCost(choice2) )
call    0 never executed
call    1 never executed
branch  2 never executed
branch  3 never executed
        -:  848:	{
    #####:  849:	  return -1;
        -:  850:	}
        -:  851:
    #####:  852:      gainCard(choice2, state, 0, currentPlayer);
call    0 never executed
        -:  853:
        -:  854:      //discard card from hand
    #####:  855:      discardCard(handPos, currentPlayer, state, 0);
call    0 never executed
        -:  856:
        -:  857:      //discard trashed card
    #####:  858:      for (i = 0; i < state->handCount[currentPlayer]; i++)
branch  0 never executed
branch  1 never executed
        -:  859:	{
    #####:  860:	  if (state->hand[currentPlayer][i] == j)
branch  0 never executed
branch  1 never executed
        -:  861:	    {
    #####:  862:	      discardCard(i, currentPlayer, state, 0);			
call    0 never executed
    #####:  863:	      break;
        -:  864:	    }
        -:  865:	}
    #####:  866:      return 0;
        -:  867:		
        -:  868:    case smithy:
    #####:  869:      play_Smithy(state, currentPlayer, handPos);
call    0 never executed
    #####:  870:      return 0;
        -:  871:		
        -:  872:    case village:
        -:  873:      //+1 Card
    #####:  874:      drawCard(currentPlayer, state);
call    0 never executed
        -:  875:			
        -:  876:      //+2 Actions
    #####:  877:      state->numActions = state->numActions + 2;
        -:  878:			
        -:  879:      //discard played card from hand
    #####:  880:      discardCard(handPos, currentPlayer, state, 0);
call    0 never executed
    #####:  881:      return 0;
        -:  882:		
        -:  883:    case baron:
    #####:  884:      state->numBuys++;//Increase buys by 1!
    #####:  885:      if (choice1 > 0){//Boolean true or going to discard an estate
branch  0 never executed
branch  1 never executed
    #####:  886:	int p = 0;//Iterator for hand!
    #####:  887:	int card_not_discarded = 1;//Flag for discard set!
    #####:  888:	while(card_not_discarded){
branch  0 never executed
branch  1 never executed
    #####:  889:	  if (state->hand[currentPlayer][p] == estate){//Found an estate card!
branch  0 never executed
branch  1 never executed
    #####:  890:	    state->coins += 4;//Add 4 coins to the amount of coins
    #####:  891:	    state->discard[currentPlayer][state->discardCount[currentPlayer]] = state->hand[currentPlayer][p];
    #####:  892:	    state->discardCount[currentPlayer]++;
    #####:  893:	    for (;p < state->handCount[currentPlayer]; p++){
branch  0 never executed
branch  1 never executed
    #####:  894:	      state->hand[currentPlayer][p] = state->hand[currentPlayer][p+1];
        -:  895:	    }
    #####:  896:	    state->hand[currentPlayer][state->handCount[currentPlayer]] = -1;
    #####:  897:	    state->handCount[currentPlayer]--;
    #####:  898:	    card_not_discarded = 0;//Exit the loop
        -:  899:	  }
    #####:  900:	  else if (p > state->handCount[currentPlayer]){
branch  0 never executed
branch  1 never executed
        -:  901:	    if(DEBUG) {
        -:  902:	      printf("No estate cards in your hand, invalid choice\n");
        -:  903:	      printf("Must gain an estate if there are any\n");
        -:  904:	    }
    #####:  905:	    if (supplyCount(estate, state) > 0){
call    0 never executed
branch  1 never executed
branch  2 never executed
    #####:  906:	      gainCard(estate, state, 0, currentPlayer);
call    0 never executed
    #####:  907:	      state->supplyCount[estate]--;//Decrement estates
    #####:  908:	      if (supplyCount(estate, state) == 0){
call    0 never executed
branch  1 never executed
branch  2 never executed
    #####:  909:		isGameOver(state);
call    0 never executed
        -:  910:	      }
        -:  911:	    }
    #####:  912:	    card_not_discarded = 0;//Exit the loop
        -:  913:	  }
        -:  914:			    
        -:  915:	  else{
    #####:  916:	    p++;//Next card
        -:  917:	  }
        -:  918:	}
        -:  919:      }
        -:  920:			    
        -:  921:      else{
    #####:  922:	if (supplyCount(estate, state) > 0){
call    0 never executed
branch  1 never executed
branch  2 never executed
    #####:  923:	  gainCard(estate, state, 0, currentPlayer);//Gain an estate
call    0 never executed
    #####:  924:	  state->supplyCount[estate]--;//Decrement Estates
    #####:  925:	  if (supplyCount(estate, state) == 0){
call    0 never executed
branch  1 never executed
branch  2 never executed
    #####:  926:	    isGameOver(state);
call    0 never executed
        -:  927:	  }
        -:  928:	}
        -:  929:      }
        -:  930:	    
        -:  931:      
    #####:  932:      return 0;
        -:  933:		
        -:  934:    case great_hall:
        -:  935:      //+1 Card
    #####:  936:      drawCard(currentPlayer, state);
call    0 never executed
        -:  937:			
        -:  938:      //+1 Actions
    #####:  939:      state->numActions++;
        -:  940:			
        -:  941:      //discard card from hand
    #####:  942:      discardCard(handPos, currentPlayer, state, 0);
call    0 never executed
    #####:  943:      return 0;
        -:  944:		
        -:  945:    case minion:
        -:  946:      //+1 action
    #####:  947:      state->numActions++;
        -:  948:			
        -:  949:      //discard card from hand
    #####:  950:      discardCard(handPos, currentPlayer, state, 0);
call    0 never executed
        -:  951:			
    #####:  952:      if (choice1)		//+2 coins
branch  0 never executed
branch  1 never executed
        -:  953:	{
    #####:  954:	  state->coins = state->coins + 2;
        -:  955:	}
        -:  956:			
    #####:  957:      else if (choice2)		//discard hand, redraw 4, other players with 5+ cards discard hand and draw 4
branch  0 never executed
branch  1 never executed
        -:  958:	{
        -:  959:	  //discard hand
    #####:  960:	  while(numHandCards(state) > 0)
call    0 never executed
branch  1 never executed
branch  2 never executed
        -:  961:	    {
    #####:  962:	      discardCard(handPos, currentPlayer, state, 0);
call    0 never executed
        -:  963:	    }
        -:  964:				
        -:  965:	  //draw 4
    #####:  966:	  for (i = 0; i < 4; i++)
branch  0 never executed
branch  1 never executed
        -:  967:	    {
    #####:  968:	      drawCard(currentPlayer, state);
call    0 never executed
        -:  969:	    }
        -:  970:				
        -:  971:	  //other players discard hand and redraw if hand size > 4
    #####:  972:	  for (i = 0; i < state->numPlayers; i++)
branch  0 never executed
branch  1 never executed
        -:  973:	    {
    #####:  974:	      if (i != currentPlayer)
branch  0 never executed
branch  1 never executed
        -:  975:		{
    #####:  976:		  if ( state->handCount[i] > 4 )
branch  0 never executed
branch  1 never executed
        -:  977:		    {
        -:  978:		      //discard hand
    #####:  979:		      while( state->handCount[i] > 0 )
branch  0 never executed
branch  1 never executed
        -:  980:			{
    #####:  981:			  discardCard(handPos, i, state, 0);
call    0 never executed
        -:  982:			}
        -:  983:							
        -:  984:		      //draw 4
    #####:  985:		      for (j = 0; j < 4; j++)
branch  0 never executed
branch  1 never executed
        -:  986:			{
    #####:  987:			  drawCard(i, state);
call    0 never executed
        -:  988:			}
        -:  989:		    }
        -:  990:		}
        -:  991:	    }
        -:  992:				
        -:  993:	}
    #####:  994:      return 0;
        -:  995:		
        -:  996:    case steward:
    #####:  997:      if (choice1 == 1)
branch  0 never executed
branch  1 never executed
        -:  998:	{
        -:  999:	  //+2 cards
    #####: 1000:	  drawCard(currentPlayer, state);
call    0 never executed
    #####: 1001:	  drawCard(currentPlayer, state);
call    0 never executed
        -: 1002:	}
    #####: 1003:      else if (choice1 == 2)
branch  0 never executed
branch  1 never executed
        -: 1004:	{
        -: 1005:	  //+2 coins
    #####: 1006:	  state->coins = state->coins + 2;
        -: 1007:	}
        -: 1008:      else
        -: 1009:	{
        -: 1010:	  //trash 2 cards in hand
    #####: 1011:	  discardCard(choice2, currentPlayer, state, 1);
call    0 never executed
    #####: 1012:	  discardCard(choice3, currentPlayer, state, 1);
call    0 never executed
        -: 1013:	}
        -: 1014:			
        -: 1015:      //discard card from hand
    #####: 1016:      discardCard(handPos, currentPlayer, state, 0);
call    0 never executed
    #####: 1017:      return 0;
        -: 1018:		
        -: 1019:    case tribute:
    #####: 1020:      if ((state->discardCount[nextPlayer] + state->deckCount[nextPlayer]) <= 1){
branch  0 never executed
branch  1 never executed
    #####: 1021:	if (state->deckCount[nextPlayer] > 0){
branch  0 never executed
branch  1 never executed
    #####: 1022:	  tributeRevealedCards[0] = state->deck[nextPlayer][state->deckCount[nextPlayer]-1];
    #####: 1023:	  state->deckCount[nextPlayer]--;
        -: 1024:	}
    #####: 1025:	else if (state->discardCount[nextPlayer] > 0){
branch  0 never executed
branch  1 never executed
    #####: 1026:	  tributeRevealedCards[0] = state->discard[nextPlayer][state->discardCount[nextPlayer]-1];
    #####: 1027:	  state->discardCount[nextPlayer]--;
        -: 1028:	}
        -: 1029:	else{
        -: 1030:	  //No Card to Reveal
        -: 1031:	  if (DEBUG){
        -: 1032:	    printf("No cards to reveal\n");
        -: 1033:	  }
        -: 1034:	}
        -: 1035:      }
        -: 1036:	    
        -: 1037:      else{
    #####: 1038:	if (state->deckCount[nextPlayer] == 0){
branch  0 never executed
branch  1 never executed
    #####: 1039:	  for (i = 0; i < state->discardCount[nextPlayer]; i++){
branch  0 never executed
branch  1 never executed
    #####: 1040:	    state->deck[nextPlayer][i] = state->discard[nextPlayer][i];//Move to deck
    #####: 1041:	    state->deckCount[nextPlayer]++;
    #####: 1042:	    state->discard[nextPlayer][i] = -1;
    #####: 1043:	    state->discardCount[nextPlayer]--;
        -: 1044:	  }
        -: 1045:			    
    #####: 1046:	  shuffle(nextPlayer,state);//Shuffle the deck
call    0 never executed
        -: 1047:	} 
    #####: 1048:	tributeRevealedCards[0] = state->deck[nextPlayer][state->deckCount[nextPlayer]-1];
    #####: 1049:	state->deck[nextPlayer][state->deckCount[nextPlayer]--] = -1;
    #####: 1050:	state->deckCount[nextPlayer]--;
    #####: 1051:	tributeRevealedCards[1] = state->deck[nextPlayer][state->deckCount[nextPlayer]-1];
    #####: 1052:	state->deck[nextPlayer][state->deckCount[nextPlayer]--] = -1;
    #####: 1053:	state->deckCount[nextPlayer]--;
        -: 1054:      }    
        -: 1055:		       
    #####: 1056:      if (tributeRevealedCards[0] == tributeRevealedCards[1]){//If we have a duplicate card, just drop one 
branch  0 never executed
branch  1 never executed
    #####: 1057:	state->playedCards[state->playedCardCount] = tributeRevealedCards[1];
    #####: 1058:	state->playedCardCount++;
    #####: 1059:	tributeRevealedCards[1] = -1;
        -: 1060:      }
        -: 1061:
    #####: 1062:      for (i = 0; i <= 2; i ++){
branch  0 never executed
branch  1 never executed
    #####: 1063:	if (tributeRevealedCards[i] == copper || tributeRevealedCards[i] == silver || tributeRevealedCards[i] == gold){//Treasure cards
branch  0 never executed
branch  1 never executed
branch  2 never executed
branch  3 never executed
branch  4 never executed
branch  5 never executed
    #####: 1064:	  state->coins += 2;
        -: 1065:	}
        -: 1066:		    
    #####: 1067:	else if (tributeRevealedCards[i] == estate || tributeRevealedCards[i] == duchy || tributeRevealedCards[i] == province || tributeRevealedCards[i] == gardens || tributeRevealedCards[i] == great_hall){//Victory Card Found
branch  0 never executed
branch  1 never executed
branch  2 never executed
branch  3 never executed
branch  4 never executed
branch  5 never executed
branch  6 never executed
branch  7 never executed
branch  8 never executed
branch  9 never executed
    #####: 1068:	  drawCard(currentPlayer, state);
call    0 never executed
    #####: 1069:	  drawCard(currentPlayer, state);
call    0 never executed
        -: 1070:	}
        -: 1071:	else{//Action Card
    #####: 1072:	  state->numActions = state->numActions + 2;
        -: 1073:	}
        -: 1074:      }
        -: 1075:	    
    #####: 1076:      return 0;
        -: 1077:		
        -: 1078:    case ambassador:
    #####: 1079:      j = 0;		//used to check if player has enough cards to discard
        -: 1080:
    #####: 1081:      if (choice2 > 2 || choice2 < 0)
branch  0 never executed
branch  1 never executed
branch  2 never executed
branch  3 never executed
        -: 1082:	{
    #####: 1083:	  return -1;				
        -: 1084:	}
        -: 1085:
    #####: 1086:      if (choice1 == handPos)
branch  0 never executed
branch  1 never executed
        -: 1087:	{
    #####: 1088:	  return -1;
        -: 1089:	}
        -: 1090:
    #####: 1091:      for (i = 0; i < state->handCount[currentPlayer]; i++)
branch  0 never executed
branch  1 never executed
        -: 1092:	{
    #####: 1093:	  if (i != handPos && i == state->hand[currentPlayer][choice1] && i != choice1)
branch  0 never executed
branch  1 never executed
branch  2 never executed
branch  3 never executed
branch  4 never executed
branch  5 never executed
        -: 1094:	    {
    #####: 1095:	      j++;
        -: 1096:	    }
        -: 1097:	}
    #####: 1098:      if (j < choice2)
branch  0 never executed
branch  1 never executed
        -: 1099:	{
    #####: 1100:	  return -1;				
        -: 1101:	}
        -: 1102:
        -: 1103:      if (DEBUG) 
        -: 1104:	printf("Player %d reveals card number: %d\n", currentPlayer, state->hand[currentPlayer][choice1]);
        -: 1105:
        -: 1106:      //increase supply count for choosen card by amount being discarded
    #####: 1107:      state->supplyCount[state->hand[currentPlayer][choice1]] += choice2;
        -: 1108:			
        -: 1109:      //each other player gains a copy of revealed card
    #####: 1110:      for (i = 0; i < state->numPlayers; i++)
branch  0 never executed
branch  1 never executed
        -: 1111:	{
    #####: 1112:	  if (i != currentPlayer)
branch  0 never executed
branch  1 never executed
        -: 1113:	    {
    #####: 1114:	      gainCard(state->hand[currentPlayer][choice1], state, 0, i);
call    0 never executed
        -: 1115:	    }
        -: 1116:	}
        -: 1117:
        -: 1118:      //discard played card from hand
    #####: 1119:      discardCard(handPos, currentPlayer, state, 0);			
call    0 never executed
        -: 1120:
        -: 1121:      //trash copies of cards returned to supply
    #####: 1122:      for (j = 0; j < choice2; j++)
branch  0 never executed
branch  1 never executed
        -: 1123:	{
    #####: 1124:	  for (i = 0; i < state->handCount[currentPlayer]; i++)
branch  0 never executed
branch  1 never executed
        -: 1125:	    {
    #####: 1126:	      if (state->hand[currentPlayer][i] == state->hand[currentPlayer][choice1])
branch  0 never executed
branch  1 never executed
        -: 1127:		{
    #####: 1128:		  discardCard(i, currentPlayer, state, 1);
call    0 never executed
    #####: 1129:		  break;
        -: 1130:		}
        -: 1131:	    }
        -: 1132:	}			
        -: 1133:
    #####: 1134:      return 0;
        -: 1135:		
        -: 1136:    case cutpurse:
        -: 1137:
    #####: 1138:      updateCoins(currentPlayer, state, 2);
call    0 never executed
    #####: 1139:      for (i = 0; i < state->numPlayers; i++)
branch  0 never executed
branch  1 never executed
        -: 1140:	{
    #####: 1141:	  if (i != currentPlayer)
branch  0 never executed
branch  1 never executed
        -: 1142:	    {
    #####: 1143:	      for (j = 0; j < state->handCount[i]; j++)
branch  0 never executed
branch  1 never executed
        -: 1144:		{
    #####: 1145:		  if (state->hand[i][j] == copper)
branch  0 never executed
branch  1 never executed
        -: 1146:		    {
    #####: 1147:		      discardCard(j, i, state, 0);
call    0 never executed
    #####: 1148:		      break;
        -: 1149:		    }
    #####: 1150:		  if (j == state->handCount[i])
branch  0 never executed
branch  1 never executed
        -: 1151:		    {
    #####: 1152:		      for (k = 0; k < state->handCount[i]; k++)
branch  0 never executed
branch  1 never executed
        -: 1153:			{
        -: 1154:			  if (DEBUG)
        -: 1155:			    printf("Player %d reveals card number %d\n", i, state->hand[i][k]);
        -: 1156:			}	
    #####: 1157:		      break;
        -: 1158:		    }		
        -: 1159:		}
        -: 1160:					
        -: 1161:	    }
        -: 1162:				
        -: 1163:	}				
        -: 1164:
        -: 1165:      //discard played card from hand
    #####: 1166:      discardCard(handPos, currentPlayer, state, 0);			
call    0 never executed
        -: 1167:
    #####: 1168:      return 0;
        -: 1169:
        -: 1170:		
        -: 1171:    case embargo: 
        -: 1172:      //+2 Coins
    #####: 1173:      state->coins = state->coins + 2;
        -: 1174:			
        -: 1175:      //see if selected pile is in play
    #####: 1176:      if ( state->supplyCount[choice1] == -1 )
branch  0 never executed
branch  1 never executed
        -: 1177:	{
    #####: 1178:	  return -1;
        -: 1179:	}
        -: 1180:			
        -: 1181:      //add embargo token to selected supply pile
    #####: 1182:      state->embargoTokens[choice1]++;
        -: 1183:			
        -: 1184:      //trash card
    #####: 1185:      discardCard(handPos, currentPlayer, state, 1);		
call    0 never executed
    #####: 1186:      return 0;
        -: 1187:		
        -: 1188:    case outpost:
        -: 1189:      //set outpost flag
    #####: 1190:      state->outpostPlayed++;
        -: 1191:			
        -: 1192:      //discard card
    #####: 1193:      discardCard(handPos, currentPlayer, state, 0);
call    0 never executed
    #####: 1194:      return 0;
        -: 1195:		
        -: 1196:    case salvager:
        -: 1197:      //+1 buy
    #####: 1198:      state->numBuys++;
        -: 1199:			
    #####: 1200:      if (choice1)
branch  0 never executed
branch  1 never executed
        -: 1201:	{
        -: 1202:	  //gain coins equal to trashed card
    #####: 1203:	  state->coins = state->coins + getCost( handCard(choice1, state) );
call    0 never executed
call    1 never executed
        -: 1204:	  //trash card
    #####: 1205:	  discardCard(choice1, currentPlayer, state, 1);	
call    0 never executed
        -: 1206:	}
        -: 1207:			
        -: 1208:      //discard card
    #####: 1209:      discardCard(handPos, currentPlayer, state, 0);
call    0 never executed
    #####: 1210:      return 0;
        -: 1211:		
        -: 1212:    case sea_hag:
    #####: 1213:      for (i = 0; i < state->numPlayers; i++){
branch  0 never executed
branch  1 never executed
    #####: 1214:	if (i != currentPlayer){
branch  0 never executed
branch  1 never executed
    #####: 1215:	  state->discard[i][state->discardCount[i]] = state->deck[i][state->deckCount[i]--];			    state->deckCount[i]--;
    #####: 1216:	  state->discardCount[i]++;
    #####: 1217:	  state->deck[i][state->deckCount[i]--] = curse;//Top card now a curse
        -: 1218:	}
        -: 1219:      }
    #####: 1220:      return 0;
        -: 1221:		
        -: 1222:    case treasure_map:
        -: 1223:      //search hand for another treasure_map
    #####: 1224:      index = -1;
    #####: 1225:      for (i = 0; i < state->handCount[currentPlayer]; i++)
branch  0 never executed
branch  1 never executed
        -: 1226:	{
    #####: 1227:	  if (state->hand[currentPlayer][i] == treasure_map && i != handPos)
branch  0 never executed
branch  1 never executed
branch  2 never executed
branch  3 never executed
        -: 1228:	    {
    #####: 1229:	      index = i;
    #####: 1230:	      break;
        -: 1231:	    }
        -: 1232:	}
    #####: 1233:      if (index > -1)
branch  0 never executed
branch  1 never executed
        -: 1234:	{
        -: 1235:	  //trash both treasure cards
    #####: 1236:	  discardCard(handPos, currentPlayer, state, 1);
call    0 never executed
    #####: 1237:	  discardCard(index, currentPlayer, state, 1);
call    0 never executed
        -: 1238:
        -: 1239:	  //gain 4 Gold cards
    #####: 1240:	  for (i = 0; i < 4; i++)
branch  0 never executed
branch  1 never executed
        -: 1241:	    {
    #####: 1242:	      gainCard(gold, state, 1, currentPlayer);
call    0 never executed
        -: 1243:	    }
        -: 1244:				
        -: 1245:	  //return success
    #####: 1246:	  return 1;
        -: 1247:	}
        -: 1248:			
        -: 1249:      //no second treasure_map found in hand
    #####: 1250:      return -1;
        -: 1251:    }
        -: 1252:	
    #####: 1253:  return -1;
        -: 1254:}
        -: 1255:
function discardCard called 91 returned 100% blocks executed 78%
       91: 1256:int discardCard(int handPos, int currentPlayer, struct gameState *state, int trashFlag)
        -: 1257:{
        -: 1258:	
        -: 1259:  //if card is not trashed, added to Played pile 
       91: 1260:  if (trashFlag < 1)
branch  0 taken 100% (fallthrough)
branch  1 taken 0%
        -: 1261:    {
        -: 1262:      //add card to played pile
       91: 1263:      state->playedCards[state->playedCardCount] = state->hand[currentPlayer][handPos]; 
       91: 1264:      state->playedCardCount++;
        -: 1265:    }
        -: 1266:	
        -: 1267:  //set played card to -1
       91: 1268:  state->hand[currentPlayer][handPos] = -1;
        -: 1269:	
        -: 1270:  //remove card from player's hand
       91: 1271:  if ( handPos == (state->handCount[currentPlayer] - 1) ) 	//last card in hand array is played
branch  0 taken 0% (fallthrough)
branch  1 taken 100%
        -: 1272:    {
        -: 1273:      //reduce number of cards in hand
    #####: 1274:      state->handCount[currentPlayer]--;
        -: 1275:    }
       91: 1276:  else if ( state->handCount[currentPlayer] == 1 ) //only one card in hand
branch  0 taken 0% (fallthrough)
branch  1 taken 100%
        -: 1277:    {
        -: 1278:      //reduce number of cards in hand
    #####: 1279:      state->handCount[currentPlayer]--;
        -: 1280:    }
        -: 1281:  else 	
        -: 1282:    {
        -: 1283:      //replace discarded card with last card in hand
       91: 1284:      state->hand[currentPlayer][handPos] = state->hand[currentPlayer][ (state->handCount[currentPlayer] - 1)];
        -: 1285:      //set last card to -1
       91: 1286:      state->hand[currentPlayer][state->handCount[currentPlayer] - 1] = -1;
        -: 1287:      //reduce number of cards in hand
       91: 1288:      state->handCount[currentPlayer]--;
        -: 1289:    }
        -: 1290:	
       91: 1291:  return 0;
        -: 1292:}
        -: 1293:
function gainCard called 0 returned 0% blocks executed 0%
    #####: 1294:int gainCard(int supplyPos, struct gameState *state, int toFlag, int player)
        -: 1295:{
        -: 1296:  //Note: supplyPos is enum of choosen card
        -: 1297:	
        -: 1298:  //check if supply pile is empty (0) or card is not used in game (-1)
    #####: 1299:  if ( supplyCount(supplyPos, state) < 1 )
call    0 never executed
branch  1 never executed
branch  2 never executed
        -: 1300:    {
    #####: 1301:      return -1;
        -: 1302:    }
        -: 1303:	
        -: 1304:  //added card for [whoseTurn] current player:
        -: 1305:  // toFlag = 0 : add to discard
        -: 1306:  // toFlag = 1 : add to deck
        -: 1307:  // toFlag = 2 : add to hand
        -: 1308:
    #####: 1309:  if (toFlag == 1)
branch  0 never executed
branch  1 never executed
        -: 1310:    {
    #####: 1311:      state->deck[ player ][ state->deckCount[player] ] = supplyPos;
    #####: 1312:      state->deckCount[player]++;
        -: 1313:    }
    #####: 1314:  else if (toFlag == 2)
branch  0 never executed
branch  1 never executed
        -: 1315:    {
    #####: 1316:      state->hand[ player ][ state->handCount[player] ] = supplyPos;
    #####: 1317:      state->handCount[player]++;
        -: 1318:    }
        -: 1319:  else
        -: 1320:    {
    #####: 1321:      state->discard[player][ state->discardCount[player] ] = supplyPos;
    #####: 1322:      state->discardCount[player]++;
        -: 1323:    }
        -: 1324:	
        -: 1325:  //decrease number in supply pile
    #####: 1326:  state->supplyCount[supplyPos]--;
        -: 1327:	 
    #####: 1328:  return 0;
        -: 1329:}
        -: 1330:
function updateCoins called 101 returned 100% blocks executed 82%
      101: 1331:int updateCoins(int player, struct gameState *state, int bonus)
        -: 1332:{
        -: 1333:  int i;
        -: 1334:	
        -: 1335:  //reset coin count
      101: 1336:  state->coins = 0;
        -: 1337:
        -: 1338:  //add coins for each Treasure card in player's hand
      606: 1339:  for (i = 0; i < state->handCount[player]; i++)
branch  0 taken 83%
branch  1 taken 17% (fallthrough)
        -: 1340:    {
      505: 1341:      if (state->hand[player][i] == copper)
branch  0 taken 80% (fallthrough)
branch  1 taken 20%
        -: 1342:	{
      404: 1343:	  state->coins += 1;
        -: 1344:	}
      101: 1345:      else if (state->hand[player][i] == silver)
branch  0 taken 0% (fallthrough)
branch  1 taken 100%
        -: 1346:	{
    #####: 1347:	  state->coins += 2;
        -: 1348:	}
      101: 1349:      else if (state->hand[player][i] == gold)
branch  0 taken 0% (fallthrough)
branch  1 taken 100%
        -: 1350:	{
    #####: 1351:	  state->coins += 3;
        -: 1352:	}	
        -: 1353:    }	
        -: 1354:
        -: 1355:  //add bonus
      101: 1356:  state->coins += bonus;
        -: 1357:
      101: 1358:  return 0;
        -: 1359:}
        -: 1360:
        -: 1361:
        -: 1362://end of dominion.c
        -: 1363:
